2011-07-02T13:33:18.135Z - [default] Compiling Stylus sheets...
2011-07-02T13:33:18.188Z - [default] Compiling CoffeeScripts...
2011-07-02T13:33:18.626Z - [default.packs.Core] PACKAGE 'Core': loading...
2011-07-02T13:33:19.035Z - [default.packs.Core] PACKAGE 'Core': successfully loaded.
2011-07-02T13:33:19.037Z - [default] Merging client scripts and style sheets...
2011-07-02T13:33:19.063Z - [default.mongodb] forked process: 14501
all output going to: /home/roxor/smoothio/default/server/log/mongodb/mongodb.log
2011-07-02T13:33:19.066Z - [default.servers.server1] SERVER 'server1' listening at localhost:2020
2011-07-02T13:33:19.066Z - [default.servers.server2] SERVER 'server2' listening at 192.168.56.1:4040
2011-07-02T13:33:19.066Z - [default.servers.server3] SERVER 'server3' listening at 192.168.42.203:6060
2011-07-02T13:33:19.572Z - [default.mongodb.admin] Connected to MongoDB Admin database.
2011-07-02T13:33:20.070Z - [default.mongodb.smoothio_shared] Connected to smoothio Shared database.
2011-07-02T13:33:20.569Z - [default.mongodb.smoothio__server1] Connected to smoothio server1 database.
2011-07-02T13:33:21.071Z - [default.mongodb.smoothio__server2] Connected to smoothio server2 database.
2011-07-02T13:33:21.577Z - [default.mongodb.smoothio__server3] Connected to smoothio server3 database.
2011-07-02T13:33:22.478Z - [default] INVOKE cmd: "create"
2011-07-02T13:33:22.478Z - [default] INVOKE freq: {"msg":{"u":"test","p":"test","t":"test","_c":"Hub.create","_i":"sm_stepslide_hub_create","_u":"/"}}
2011-07-02T13:33:27.896Z - [default] INVOKE cmd: "create"
2011-07-02T13:33:27.896Z - [default] INVOKE freq: {"msg":{"u":"test","p":"test","t":"test","_c":"Hub.create","_i":"sm_stepslide_hub_create","_u":"/"}}
2011-07-02T13:33:37.799Z - [default] INVOKE cmd: "create"
2011-07-02T13:33:37.800Z - [default] INVOKE freq: {"msg":{"u":"test","p":"test","t":"test","_c":"Hub.create","_i":"sm_stepslide_hub_create","_u":"/"}}
2011-07-02T13:58:45.583Z - [default] INVOKE cmd: "create"
2011-07-02T13:58:45.583Z - [default] INVOKE freq: {"msg":{"u":"test","p":"test","t":"test","_c":"Hub.create","_i":"sm_stepslide_hub_create","_u":"/"}}
2011-07-02T13:59:02.817Z - [default] INVOKE cmd: "create"
2011-07-02T13:59:02.817Z - [default] INVOKE freq: {"msg":{"u":"test","p":"test","t":"test","_c":"Hub.create","_i":"sm_stepslide_hub_create","_u":"/"}}
2011-07-02T14:37:28.725Z - [default] Shutting down servers...
2011-07-02T14:37:28.726Z - [default.servers.server1] Closing...
2011-07-02T14:37:28.727Z - [default.servers.server1] Closed.
2011-07-02T14:37:28.727Z - [default.servers.server2] Closing...
2011-07-02T14:37:28.727Z - [default.servers.server2] Closed.
2011-07-02T14:37:28.727Z - [default.servers.server3] Closing...
2011-07-02T14:37:28.727Z - [default.servers.server3] Closed.
2011-07-02T14:37:28.996Z - [default] Shutdown of all servers completed.

